<?xml version="1.0" encoding="UTF-8"?>
<!-- Generated by org.testng.reporters.JUnitReportReporter -->
<testsuite hostname="LAPTOP-NO8FPINV" failures="0" tests="4" name="JioMartProject" time="26.920" errors="0" timestamp="2021-07-15T11:24:26 IST" skipped="0">
  <testcase classname="JioMartProject" name="LaunchApplication" time="7.094"/>
  <system-out/>
  <testcase classname="JioMartProject" name="GetTitle" time="0.018"/>
  <system-out/>
  <testcase classname="JioMartProject" name="getProductDetails" time="15.529"/>
  <system-out/>
  <testcase classname="JioMartProject" name="teardown" time="4.279"/>
  <system-out/>
</testsuite> <!-- JioMartProject -->
